<?xml version="1.0" encoding="UTF-8"?>
<!-- Generated by org.testng.reporters.JUnitReportReporter -->
<testsuite hostname="DESKTOP-RA01EM1" failures="0" tests="1" name="TestCases.veifyAccServices" time="48.120" errors="0" timestamp="2023-06-29T20:53:31 IST" skipped="0">
  <testcase classname="TestCases.veifyAccServices" name="Login" time="48.120"/>
  <system-out/>
</testsuite> <!-- TestCases.veifyAccServices -->
