<?xml version="1.0" encoding="UTF-8"?>
<!-- Generated by org.testng.reporters.JUnitReportReporter -->
<testsuite hostname="DESKTOP-RA01EM1" failures="0" tests="1" name="TestCases.veifyAccServices" time="74.030" errors="0" timestamp="2023-06-30T23:11:34 IST" skipped="0">
  <testcase classname="TestCases.veifyAccServices" name="Login" time="74.030"/>
  <system-out/>
</testsuite> <!-- TestCases.veifyAccServices -->
