<?xml version="1.0" encoding="UTF-8"?>
<!-- Generated by org.testng.reporters.JUnitReportReporter -->
<testsuite hostname="DESKTOP-RA01EM1" failures="0" tests="1" name="TestCases.VerifyLogIn" time="15.874" errors="0" timestamp="2023-06-29T20:53:31 IST" skipped="0">
  <testcase classname="TestCases.VerifyLogIn" name="Login" time="15.874"/>
  <system-out/>
</testsuite> <!-- TestCases.VerifyLogIn -->
